<?xml version="1.0" encoding="UTF-8"?>
<!-- Generated by org.testng.reporters.JUnitReportReporter -->
<testsuite hostname="vasu-PC" name="com.vasu.testng.BranchCreation" tests="1" failures="0" timestamp="13 Mar 2019 01:10:35 GMT" time="6.764" errors="0">
  <testcase name="branchCreation" time="6.764" classname="com.vasu.testng.BranchCreation"/>
</testsuite> <!-- com.vasu.testng.BranchCreation -->
