<?xml version="1.0" encoding="UTF-8"?>
<!-- Generated by org.testng.reporters.JUnitReportReporter -->
<testsuite hostname="vasu-PC" name="com.vasu.testng.BranchDelete" tests="1" failures="0" timestamp="13 Mar 2019 01:10:35 GMT" time="0.001" errors="0">
  <testcase name="branchDelete" time="0.001" classname="com.vasu.testng.BranchDelete"/>
</testsuite> <!-- com.vasu.testng.BranchDelete -->
