<?xml version="1.0" encoding="UTF-8"?>
<!-- Generated by org.testng.reporters.JUnitReportReporter -->
<testsuite hostname="vasu-PC" name="com.vasu.testng.BeforeTestAfterTest" tests="1" failures="0" timestamp="13 Mar 2019 01:01:15 GMT" time="1.427" errors="0">
  <testcase name="appLogin" time="1.427" classname="com.vasu.testng.BeforeTestAfterTest"/>
</testsuite> <!-- com.vasu.testng.BeforeTestAfterTest -->
