<?xml version="1.0" encoding="UTF-8"?>
<!-- Generated by org.testng.reporters.JUnitReportReporter -->
<testsuite hostname="vasu-PC" name="com.vasu.testng.Annatations" tests="2" failures="0" timestamp="13 Mar 2019 00:46:58 GMT" time="0.007" errors="0">
  <testcase name="method1" time="0.002" classname="com.vasu.testng.Annatations"/>
  <testcase name="method2" time="0.005" classname="com.vasu.testng.Annatations"/>
</testsuite> <!-- com.vasu.testng.Annatations -->
