<?xml version="1.0" encoding="UTF-8"?>
<!-- Generated by org.testng.reporters.JUnitReportReporter -->
<testsuite hostname="vasu-PC" name="com.vasu.testng.AdminLoginTest" tests="1" failures="0" timestamp="13 Mar 2019 00:46:58 GMT" time="8.795" errors="0">
  <testcase name="adminLogin" time="8.795" classname="com.vasu.testng.AdminLoginTest"/>
</testsuite> <!-- com.vasu.testng.AdminLoginTest -->
