<?xml version="1.0" encoding="UTF-8"?>
<!-- Generated by org.testng.reporters.JUnitReportReporter -->
<testsuite hostname="vasu-PC" name="com.vasu.testng.FirstTestNg" tests="1" failures="0" timestamp="13 Mar 2019 00:46:58 GMT" time="0.002" errors="0">
  <testcase name="first" time="0.002" classname="com.vasu.testng.FirstTestNg"/>
</testsuite> <!-- com.vasu.testng.FirstTestNg -->
